  triangle.c
C:\repos\RenderingEngine\triangle.c(28,19): warning C4244: 'function': conversion from 'float' to 'int', possible loss of data
C:\repos\RenderingEngine\triangle.c(28,31): warning C4244: 'function': conversion from 'float' to 'int', possible loss of data
C:\repos\RenderingEngine\triangle.c(23,21): warning C4244: 'initializing': conversion from 'int' to 'float', possible loss of data
C:\repos\RenderingEngine\triangle.c(24,19): warning C4244: 'initializing': conversion from 'int' to 'float', possible loss of data
C:\repos\RenderingEngine\triangle.c(58,19): warning C4244: 'function': conversion from 'float' to 'int', possible loss of data
C:\repos\RenderingEngine\triangle.c(58,31): warning C4244: 'function': conversion from 'float' to 'int', possible loss of data
C:\repos\RenderingEngine\triangle.c(53,21): warning C4244: 'initializing': conversion from 'int' to 'float', possible loss of data
C:\repos\RenderingEngine\triangle.c(54,19): warning C4244: 'initializing': conversion from 'int' to 'float', possible loss of data
C:\repos\RenderingEngine\triangle.c(179,18): warning C4244: 'initializing': conversion from 'int' to 'float', possible loss of data
C:\repos\RenderingEngine\triangle.c(179,21): warning C4244: 'initializing': conversion from 'int' to 'float', possible loss of data
C:\repos\RenderingEngine\triangle.c(245,18): warning C4244: 'initializing': conversion from 'int' to 'float', possible loss of data
C:\repos\RenderingEngine\triangle.c(245,22): warning C4244: 'initializing': conversion from 'int' to 'float', possible loss of data
C:\repos\RenderingEngine\triangle.c(246,18): warning C4244: 'initializing': conversion from 'int' to 'float', possible loss of data
C:\repos\RenderingEngine\triangle.c(246,22): warning C4244: 'initializing': conversion from 'int' to 'float', possible loss of data
C:\repos\RenderingEngine\triangle.c(247,18): warning C4244: 'initializing': conversion from 'int' to 'float', possible loss of data
C:\repos\RenderingEngine\triangle.c(247,22): warning C4244: 'initializing': conversion from 'int' to 'float', possible loss of data
C:\repos\RenderingEngine\triangle.c(259,30): warning C4244: 'initializing': conversion from 'float' to 'int', possible loss of data
C:\repos\RenderingEngine\triangle.c(260,28): warning C4244: 'initializing': conversion from 'float' to 'int', possible loss of data
C:\repos\RenderingEngine\triangle.c(280,30): warning C4244: 'initializing': conversion from 'float' to 'int', possible loss of data
C:\repos\RenderingEngine\triangle.c(281,28): warning C4244: 'initializing': conversion from 'float' to 'int', possible loss of data
  RenderingEngine.vcxproj -> C:\repos\RenderingEngine\x64\Debug\RenderingEngine.exe
