c:\repos\renderingengine\x64\debug\vc143.pdb
c:\repos\renderingengine\x64\debug\vc143.idb
c:\repos\renderingengine\x64\debug\vector.obj
c:\repos\renderingengine\x64\debug\triangle.obj
c:\repos\renderingengine\x64\debug\mesh.obj
c:\repos\renderingengine\x64\debug\main.obj
c:\repos\renderingengine\x64\debug\display.obj
c:\repos\renderingengine\x64\debug\array.obj
c:\repos\renderingengine\x64\debug\matrix.obj
c:\repos\renderingengine\x64\debug\light.obj
c:\repos\renderingengine\x64\debug\texture.obj
c:\repos\renderingengine\x64\debug\swap.obj
c:\repos\renderingengine\x64\debug\renderingengine.ilk
c:\repos\renderingengine\x64\debug\renderingengine.exe
c:\repos\renderingengine\x64\debug\renderingengine.pdb
c:\repos\renderingengine\x64\debug\renderingengine.tlog\cl.command.1.tlog
c:\repos\renderingengine\x64\debug\renderingengine.tlog\cl.items.tlog
c:\repos\renderingengine\x64\debug\renderingengine.tlog\cl.read.1.tlog
c:\repos\renderingengine\x64\debug\renderingengine.tlog\cl.write.1.tlog
c:\repos\renderingengine\x64\debug\renderingengine.tlog\link.command.1.tlog
c:\repos\renderingengine\x64\debug\renderingengine.tlog\link.read.1.tlog
c:\repos\renderingengine\x64\debug\renderingengine.tlog\link.write.1.tlog
