c:\repos\renderingengine\renderingengine\x64\release\vc143.pdb
c:\repos\renderingengine\renderingengine\x64\release\upng.obj
c:\repos\renderingengine\renderingengine\x64\release\triangle.obj
c:\repos\renderingengine\renderingengine\x64\release\mesh.obj
c:\repos\renderingengine\renderingengine\x64\release\main.obj
c:\repos\renderingengine\renderingengine\x64\release\vector.obj
c:\repos\renderingengine\renderingengine\x64\release\texture.obj
c:\repos\renderingengine\renderingengine\x64\release\swap.obj
c:\repos\renderingengine\renderingengine\x64\release\matrix.obj
c:\repos\renderingengine\renderingengine\x64\release\light.obj
c:\repos\renderingengine\renderingengine\x64\release\array.obj
c:\repos\renderingengine\renderingengine\x64\release\display.obj
c:\repos\renderingengine\x64\release\renderingengine.exe
c:\repos\renderingengine\x64\release\renderingengine.pdb
c:\repos\renderingengine\renderingengine\x64\release\renderingengine.ipdb
c:\repos\renderingengine\renderingengine\x64\release\renderingengine.iobj
c:\repos\renderingengine\renderingengine\x64\release\renderingengine.tlog\cl.command.1.tlog
c:\repos\renderingengine\renderingengine\x64\release\renderingengine.tlog\cl.items.tlog
c:\repos\renderingengine\renderingengine\x64\release\renderingengine.tlog\cl.read.1.tlog
c:\repos\renderingengine\renderingengine\x64\release\renderingengine.tlog\cl.write.1.tlog
c:\repos\renderingengine\renderingengine\x64\release\renderingengine.tlog\link.command.1.tlog
c:\repos\renderingengine\renderingengine\x64\release\renderingengine.tlog\link.read.1.tlog
c:\repos\renderingengine\renderingengine\x64\release\renderingengine.tlog\link.secondary.1.tlog
c:\repos\renderingengine\renderingengine\x64\release\renderingengine.tlog\link.write.1.tlog
